<?xml version="1.0" encoding="UTF-8"?>
<!-- Generated by org.testng.reporters.JUnitReportReporter -->
<testsuite skipped="0" hostname="manish" name="testRunner.TestRunner" tests="1" failures="0" timestamp="2019-10-30T17:43:32 IST" time="5.647" errors="0">
  <testcase name="login" time="5.647" classname="testRunner.TestRunner"/>
</testsuite> <!-- testRunner.TestRunner -->
